Warning message: 
set_protein_mol2_types: atom    1 in /media/HDD2/James/MDM2andGSPT1/GSPT1/Docking/J18/gspt1+CRBNpiece.pdb_protein.mol2 is type   N.2 resetting to type  N.am

Warning message: 
set_protein_mol2_types: atom  621 in /media/HDD2/James/MDM2andGSPT1/GSPT1/Docking/J18/gspt1+CRBNpiece.pdb_protein.mol2 is type  N.ar resetting to type N.pl3

Warning message: 
set_protein_mol2_types: atom  624 in /media/HDD2/James/MDM2andGSPT1/GSPT1/Docking/J18/gspt1+CRBNpiece.pdb_protein.mol2 is type  N.ar resetting to type N.pl3

Warning message: 
set_protein_mol2_types: atom 1372 in /media/HDD2/James/MDM2andGSPT1/GSPT1/Docking/J18/gspt1+CRBNpiece.pdb_protein.mol2 is type  N.ar resetting to type N.pl3

Warning message: 
set_protein_mol2_types: atom 1592 in /media/HDD2/James/MDM2andGSPT1/GSPT1/Docking/J18/gspt1+CRBNpiece.pdb_protein.mol2 is type  N.ar resetting to type N.pl3

Warning message: 
set_protein_mol2_types: atom 1792 in /media/HDD2/James/MDM2andGSPT1/GSPT1/Docking/J18/gspt1+CRBNpiece.pdb_protein.mol2 is type  N.ar resetting to type N.pl3

Warning message: 
set_protein_mol2_types: atom 1828 in /media/HDD2/James/MDM2andGSPT1/GSPT1/Docking/J18/gspt1+CRBNpiece.pdb_protein.mol2 is type  N.ar resetting to type N.pl3

Warning message: 
set_protein_mol2_types: atom 3177 in /media/HDD2/James/MDM2andGSPT1/GSPT1/Docking/J18/gspt1+CRBNpiece.pdb_protein.mol2 is type  N.ar resetting to type N.pl3

Warning message: 
set_protein_mol2_types: atom 3238 in /media/HDD2/James/MDM2andGSPT1/GSPT1/Docking/J18/gspt1+CRBNpiece.pdb_protein.mol2 is type  N.ar resetting to type N.pl3

Warning message: 
set_protein_mol2_types: atom 3246 in /media/HDD2/James/MDM2andGSPT1/GSPT1/Docking/J18/gspt1+CRBNpiece.pdb_protein.mol2 is type   N.2 resetting to type  N.am

Warning message: 
set_protein_mol2_types: atom 3255 in /media/HDD2/James/MDM2andGSPT1/GSPT1/Docking/J18/gspt1+CRBNpiece.pdb_protein.mol2 is type  N.ar resetting to type N.pl3

Warning message: 
set_protein_mol2_types: atom 3282 in /media/HDD2/James/MDM2andGSPT1/GSPT1/Docking/J18/gspt1+CRBNpiece.pdb_protein.mol2 is type  N.ar resetting to type N.pl3

Warning message: 
set_protein_mol2_types: atom 3378 in /media/HDD2/James/MDM2andGSPT1/GSPT1/Docking/J18/gspt1+CRBNpiece.pdb_protein.mol2 is type  N.ar resetting to type N.pl3

Warning message: 
set_protein_mol2_types: atom 3394 in /media/HDD2/James/MDM2andGSPT1/GSPT1/Docking/J18/gspt1+CRBNpiece.pdb_protein.mol2 is type   N.2 resetting to type  N.am

Warning message: 
set_protein_mol2_types: atom 3402 in /media/HDD2/James/MDM2andGSPT1/GSPT1/Docking/J18/gspt1+CRBNpiece.pdb_protein.mol2 is type  N.ar resetting to type N.pl3

Warning message: 
set_bond_type:
 bond   57 in /media/HDD2/James/MDM2andGSPT1/GSPT1/Docking/J18/gspt1+CRBNpiece.pdb_protein.mol2 is type   2 resetting to type  ar

Warning message: 
set_bond_type:
 bond   58 in /media/HDD2/James/MDM2andGSPT1/GSPT1/Docking/J18/gspt1+CRBNpiece.pdb_protein.mol2 is type   2 resetting to type  ar

Warning message: 
set_bond_type:
 bond   59 in /media/HDD2/James/MDM2andGSPT1/GSPT1/Docking/J18/gspt1+CRBNpiece.pdb_protein.mol2 is type   2 resetting to type  ar

Warning message: 
set_bond_type:
 bond  143 in /media/HDD2/James/MDM2andGSPT1/GSPT1/Docking/J18/gspt1+CRBNpiece.pdb_protein.mol2 is type   2 resetting to type  ar

Warning message: 
set_bond_type:
 bond  144 in /media/HDD2/James/MDM2andGSPT1/GSPT1/Docking/J18/gspt1+CRBNpiece.pdb_protein.mol2 is type   2 resetting to type  ar

Warning message: 
set_bond_type:
 bond  221 in /media/HDD2/James/MDM2andGSPT1/GSPT1/Docking/J18/gspt1+CRBNpiece.pdb_protein.mol2 is type   2 resetting to type  ar

Warning message: 
set_bond_type:
 bond  222 in /media/HDD2/James/MDM2andGSPT1/GSPT1/Docking/J18/gspt1+CRBNpiece.pdb_protein.mol2 is type   2 resetting to type  ar

Warning message: 
set_bond_type:
 bond  373 in /media/HDD2/James/MDM2andGSPT1/GSPT1/Docking/J18/gspt1+CRBNpiece.pdb_protein.mol2 is type   2 resetting to type  ar

Warning message: 
set_bond_type:
 bond  374 in /media/HDD2/James/MDM2andGSPT1/GSPT1/Docking/J18/gspt1+CRBNpiece.pdb_protein.mol2 is type   2 resetting to type  ar

Warning message: 
set_bond_type:
 bond  679 in /media/HDD2/James/MDM2andGSPT1/GSPT1/Docking/J18/gspt1+CRBNpiece.pdb_protein.mol2 is type   2 resetting to type  ar

Warning message: 
set_bond_type:
 bond  680 in /media/HDD2/James/MDM2andGSPT1/GSPT1/Docking/J18/gspt1+CRBNpiece.pdb_protein.mol2 is type   2 resetting to type  ar

Warning message: 
set_bond_type:
 bond  782 in /media/HDD2/James/MDM2andGSPT1/GSPT1/Docking/J18/gspt1+CRBNpiece.pdb_protein.mol2 is type   2 resetting to type  ar

Warning message: 
set_bond_type:
 bond  783 in /media/HDD2/James/MDM2andGSPT1/GSPT1/Docking/J18/gspt1+CRBNpiece.pdb_protein.mol2 is type   2 resetting to type  ar

Warning message: 
set_bond_type:
 bond  794 in /media/HDD2/James/MDM2andGSPT1/GSPT1/Docking/J18/gspt1+CRBNpiece.pdb_protein.mol2 is type   2 resetting to type  ar

Warning message: 
set_bond_type:
 bond  795 in /media/HDD2/James/MDM2andGSPT1/GSPT1/Docking/J18/gspt1+CRBNpiece.pdb_protein.mol2 is type   2 resetting to type  ar

Warning message: 
set_bond_type:
 bond  825 in /media/HDD2/James/MDM2andGSPT1/GSPT1/Docking/J18/gspt1+CRBNpiece.pdb_protein.mol2 is type   2 resetting to type  ar

Warning message: 
set_bond_type:
 bond  826 in /media/HDD2/James/MDM2andGSPT1/GSPT1/Docking/J18/gspt1+CRBNpiece.pdb_protein.mol2 is type   2 resetting to type  ar

Warning message: 
set_bond_type:
 bond  851 in /media/HDD2/James/MDM2andGSPT1/GSPT1/Docking/J18/gspt1+CRBNpiece.pdb_protein.mol2 is type   2 resetting to type  ar

Warning message: 
set_bond_type:
 bond  852 in /media/HDD2/James/MDM2andGSPT1/GSPT1/Docking/J18/gspt1+CRBNpiece.pdb_protein.mol2 is type   2 resetting to type  ar

Warning message: 
set_bond_type:
 bond  928 in /media/HDD2/James/MDM2andGSPT1/GSPT1/Docking/J18/gspt1+CRBNpiece.pdb_protein.mol2 is type   2 resetting to type  ar

Warning message: 
set_bond_type:
 bond  929 in /media/HDD2/James/MDM2andGSPT1/GSPT1/Docking/J18/gspt1+CRBNpiece.pdb_protein.mol2 is type   2 resetting to type  ar

Warning message: 
set_bond_type:
 bond 1021 in /media/HDD2/James/MDM2andGSPT1/GSPT1/Docking/J18/gspt1+CRBNpiece.pdb_protein.mol2 is type   2 resetting to type  ar

Warning message: 
set_bond_type:
 bond 1022 in /media/HDD2/James/MDM2andGSPT1/GSPT1/Docking/J18/gspt1+CRBNpiece.pdb_protein.mol2 is type   2 resetting to type  ar

Warning message: 
set_bond_type:
 bond 1023 in /media/HDD2/James/MDM2andGSPT1/GSPT1/Docking/J18/gspt1+CRBNpiece.pdb_protein.mol2 is type   2 resetting to type  ar

Warning message: 
set_bond_type:
 bond 1108 in /media/HDD2/James/MDM2andGSPT1/GSPT1/Docking/J18/gspt1+CRBNpiece.pdb_protein.mol2 is type   2 resetting to type  ar

Warning message: 
set_bond_type:
 bond 1109 in /media/HDD2/James/MDM2andGSPT1/GSPT1/Docking/J18/gspt1+CRBNpiece.pdb_protein.mol2 is type   2 resetting to type  ar

Warning message: 
set_bond_type:
 bond 1123 in /media/HDD2/James/MDM2andGSPT1/GSPT1/Docking/J18/gspt1+CRBNpiece.pdb_protein.mol2 is type   2 resetting to type  ar

Warning message: 
set_bond_type:
 bond 1124 in /media/HDD2/James/MDM2andGSPT1/GSPT1/Docking/J18/gspt1+CRBNpiece.pdb_protein.mol2 is type   2 resetting to type  ar

Warning message: 
set_bond_type:
 bond 1138 in /media/HDD2/James/MDM2andGSPT1/GSPT1/Docking/J18/gspt1+CRBNpiece.pdb_protein.mol2 is type   2 resetting to type  ar

Warning message: 
set_bond_type:
 bond 1139 in /media/HDD2/James/MDM2andGSPT1/GSPT1/Docking/J18/gspt1+CRBNpiece.pdb_protein.mol2 is type   2 resetting to type  ar

Warning message: 
set_bond_type:
 bond 1153 in /media/HDD2/James/MDM2andGSPT1/GSPT1/Docking/J18/gspt1+CRBNpiece.pdb_protein.mol2 is type   2 resetting to type  ar

Warning message: 
set_bond_type:
 bond 1154 in /media/HDD2/James/MDM2andGSPT1/GSPT1/Docking/J18/gspt1+CRBNpiece.pdb_protein.mol2 is type   2 resetting to type  ar

Warning message: 
set_bond_type:
 bond 1295 in /media/HDD2/James/MDM2andGSPT1/GSPT1/Docking/J18/gspt1+CRBNpiece.pdb_protein.mol2 is type   2 resetting to type  ar

Warning message: 
set_bond_type:
 bond 1296 in /media/HDD2/James/MDM2andGSPT1/GSPT1/Docking/J18/gspt1+CRBNpiece.pdb_protein.mol2 is type   2 resetting to type  ar

Warning message: 
set_bond_type:
 bond 1423 in /media/HDD2/James/MDM2andGSPT1/GSPT1/Docking/J18/gspt1+CRBNpiece.pdb_protein.mol2 is type   2 resetting to type  ar

Warning message: 
set_bond_type:
 bond 1424 in /media/HDD2/James/MDM2andGSPT1/GSPT1/Docking/J18/gspt1+CRBNpiece.pdb_protein.mol2 is type   2 resetting to type  ar

Warning message: 
set_bond_type:
 bond 1425 in /media/HDD2/James/MDM2andGSPT1/GSPT1/Docking/J18/gspt1+CRBNpiece.pdb_protein.mol2 is type   2 resetting to type  ar

Warning message: 
set_bond_type:
 bond 1475 in /media/HDD2/James/MDM2andGSPT1/GSPT1/Docking/J18/gspt1+CRBNpiece.pdb_protein.mol2 is type   2 resetting to type  ar

Warning message: 
set_bond_type:
 bond 1476 in /media/HDD2/James/MDM2andGSPT1/GSPT1/Docking/J18/gspt1+CRBNpiece.pdb_protein.mol2 is type   2 resetting to type  ar

Warning message: 
set_bond_type:
 bond 1590 in /media/HDD2/James/MDM2andGSPT1/GSPT1/Docking/J18/gspt1+CRBNpiece.pdb_protein.mol2 is type   2 resetting to type  ar

Warning message: 
set_bond_type:
 bond 1591 in /media/HDD2/James/MDM2andGSPT1/GSPT1/Docking/J18/gspt1+CRBNpiece.pdb_protein.mol2 is type   2 resetting to type  ar

Warning message: 
set_bond_type:
 bond 1907 in /media/HDD2/James/MDM2andGSPT1/GSPT1/Docking/J18/gspt1+CRBNpiece.pdb_protein.mol2 is type   2 resetting to type  ar

Warning message: 
set_bond_type:
 bond 1908 in /media/HDD2/James/MDM2andGSPT1/GSPT1/Docking/J18/gspt1+CRBNpiece.pdb_protein.mol2 is type   2 resetting to type  ar

Warning message: 
set_bond_type:
 bond 1922 in /media/HDD2/James/MDM2andGSPT1/GSPT1/Docking/J18/gspt1+CRBNpiece.pdb_protein.mol2 is type   2 resetting to type  ar

Warning message: 
set_bond_type:
 bond 1923 in /media/HDD2/James/MDM2andGSPT1/GSPT1/Docking/J18/gspt1+CRBNpiece.pdb_protein.mol2 is type   2 resetting to type  ar

Warning message: 
set_bond_type:
 bond 1953 in /media/HDD2/James/MDM2andGSPT1/GSPT1/Docking/J18/gspt1+CRBNpiece.pdb_protein.mol2 is type   2 resetting to type  ar

Warning message: 
set_bond_type:
 bond 1954 in /media/HDD2/James/MDM2andGSPT1/GSPT1/Docking/J18/gspt1+CRBNpiece.pdb_protein.mol2 is type   2 resetting to type  ar

Warning message: 
set_bond_type:
 bond 2092 in /media/HDD2/James/MDM2andGSPT1/GSPT1/Docking/J18/gspt1+CRBNpiece.pdb_protein.mol2 is type   2 resetting to type  ar

Warning message: 
set_bond_type:
 bond 2093 in /media/HDD2/James/MDM2andGSPT1/GSPT1/Docking/J18/gspt1+CRBNpiece.pdb_protein.mol2 is type   2 resetting to type  ar

Warning message: 
set_bond_type:
 bond 2169 in /media/HDD2/James/MDM2andGSPT1/GSPT1/Docking/J18/gspt1+CRBNpiece.pdb_protein.mol2 is type   2 resetting to type  ar

Warning message: 
set_bond_type:
 bond 2170 in /media/HDD2/James/MDM2andGSPT1/GSPT1/Docking/J18/gspt1+CRBNpiece.pdb_protein.mol2 is type   2 resetting to type  ar

Warning message: 
set_bond_type:
 bond 2257 in /media/HDD2/James/MDM2andGSPT1/GSPT1/Docking/J18/gspt1+CRBNpiece.pdb_protein.mol2 is type   2 resetting to type  ar

Warning message: 
set_bond_type:
 bond 2258 in /media/HDD2/James/MDM2andGSPT1/GSPT1/Docking/J18/gspt1+CRBNpiece.pdb_protein.mol2 is type   2 resetting to type  ar

Warning message: 
set_bond_type:
 bond 2259 in /media/HDD2/James/MDM2andGSPT1/GSPT1/Docking/J18/gspt1+CRBNpiece.pdb_protein.mol2 is type   2 resetting to type  ar

Warning message: 
set_bond_type:
 bond 2296 in /media/HDD2/James/MDM2andGSPT1/GSPT1/Docking/J18/gspt1+CRBNpiece.pdb_protein.mol2 is type   2 resetting to type  ar

Warning message: 
set_bond_type:
 bond 2297 in /media/HDD2/James/MDM2andGSPT1/GSPT1/Docking/J18/gspt1+CRBNpiece.pdb_protein.mol2 is type   2 resetting to type  ar

Warning message: 
set_bond_type:
 bond 2298 in /media/HDD2/James/MDM2andGSPT1/GSPT1/Docking/J18/gspt1+CRBNpiece.pdb_protein.mol2 is type   2 resetting to type  ar

Warning message: 
set_bond_type:
 bond 2389 in /media/HDD2/James/MDM2andGSPT1/GSPT1/Docking/J18/gspt1+CRBNpiece.pdb_protein.mol2 is type   2 resetting to type  ar

Warning message: 
set_bond_type:
 bond 2390 in /media/HDD2/James/MDM2andGSPT1/GSPT1/Docking/J18/gspt1+CRBNpiece.pdb_protein.mol2 is type   2 resetting to type  ar

Warning message: 
set_bond_type:
 bond 2481 in /media/HDD2/James/MDM2andGSPT1/GSPT1/Docking/J18/gspt1+CRBNpiece.pdb_protein.mol2 is type   2 resetting to type  ar

Warning message: 
set_bond_type:
 bond 2482 in /media/HDD2/James/MDM2andGSPT1/GSPT1/Docking/J18/gspt1+CRBNpiece.pdb_protein.mol2 is type   2 resetting to type  ar

Warning message: 
set_bond_type:
 bond 2483 in /media/HDD2/James/MDM2andGSPT1/GSPT1/Docking/J18/gspt1+CRBNpiece.pdb_protein.mol2 is type   2 resetting to type  ar

Warning message: 
set_bond_type:
 bond 2524 in /media/HDD2/James/MDM2andGSPT1/GSPT1/Docking/J18/gspt1+CRBNpiece.pdb_protein.mol2 is type   2 resetting to type  ar

Warning message: 
set_bond_type:
 bond 2525 in /media/HDD2/James/MDM2andGSPT1/GSPT1/Docking/J18/gspt1+CRBNpiece.pdb_protein.mol2 is type   2 resetting to type  ar

Warning message: 
set_bond_type:
 bond 2526 in /media/HDD2/James/MDM2andGSPT1/GSPT1/Docking/J18/gspt1+CRBNpiece.pdb_protein.mol2 is type   2 resetting to type  ar

Warning message: 
set_bond_type:
 bond 2638 in /media/HDD2/James/MDM2andGSPT1/GSPT1/Docking/J18/gspt1+CRBNpiece.pdb_protein.mol2 is type   2 resetting to type  ar

Warning message: 
set_bond_type:
 bond 2639 in /media/HDD2/James/MDM2andGSPT1/GSPT1/Docking/J18/gspt1+CRBNpiece.pdb_protein.mol2 is type   2 resetting to type  ar

Warning message: 
set_bond_type:
 bond 2707 in /media/HDD2/James/MDM2andGSPT1/GSPT1/Docking/J18/gspt1+CRBNpiece.pdb_protein.mol2 is type   2 resetting to type  ar

Warning message: 
set_bond_type:
 bond 2708 in /media/HDD2/James/MDM2andGSPT1/GSPT1/Docking/J18/gspt1+CRBNpiece.pdb_protein.mol2 is type   2 resetting to type  ar

Warning message: 
set_bond_type:
 bond 2803 in /media/HDD2/James/MDM2andGSPT1/GSPT1/Docking/J18/gspt1+CRBNpiece.pdb_protein.mol2 is type   2 resetting to type  ar

Warning message: 
set_bond_type:
 bond 2804 in /media/HDD2/James/MDM2andGSPT1/GSPT1/Docking/J18/gspt1+CRBNpiece.pdb_protein.mol2 is type   2 resetting to type  ar

Warning message: 
set_bond_type:
 bond 2805 in /media/HDD2/James/MDM2andGSPT1/GSPT1/Docking/J18/gspt1+CRBNpiece.pdb_protein.mol2 is type   2 resetting to type  ar

Warning message: 
set_bond_type:
 bond 2881 in /media/HDD2/James/MDM2andGSPT1/GSPT1/Docking/J18/gspt1+CRBNpiece.pdb_protein.mol2 is type   2 resetting to type  ar

Warning message: 
set_bond_type:
 bond 2882 in /media/HDD2/James/MDM2andGSPT1/GSPT1/Docking/J18/gspt1+CRBNpiece.pdb_protein.mol2 is type   2 resetting to type  ar

Warning message: 
set_bond_type:
 bond 2883 in /media/HDD2/James/MDM2andGSPT1/GSPT1/Docking/J18/gspt1+CRBNpiece.pdb_protein.mol2 is type   2 resetting to type  ar

Warning message: 
set_bond_type:
 bond 2898 in /media/HDD2/James/MDM2andGSPT1/GSPT1/Docking/J18/gspt1+CRBNpiece.pdb_protein.mol2 is type   2 resetting to type  ar

Warning message: 
set_bond_type:
 bond 2899 in /media/HDD2/James/MDM2andGSPT1/GSPT1/Docking/J18/gspt1+CRBNpiece.pdb_protein.mol2 is type   2 resetting to type  ar

Warning message: 
set_bond_type:
 bond 2913 in /media/HDD2/James/MDM2andGSPT1/GSPT1/Docking/J18/gspt1+CRBNpiece.pdb_protein.mol2 is type   2 resetting to type  ar

Warning message: 
set_bond_type:
 bond 2914 in /media/HDD2/James/MDM2andGSPT1/GSPT1/Docking/J18/gspt1+CRBNpiece.pdb_protein.mol2 is type   2 resetting to type  ar

Warning message: 
set_bond_type:
 bond 3133 in /media/HDD2/James/MDM2andGSPT1/GSPT1/Docking/J18/gspt1+CRBNpiece.pdb_protein.mol2 is type   2 resetting to type  ar

Warning message: 
set_bond_type:
 bond 3134 in /media/HDD2/James/MDM2andGSPT1/GSPT1/Docking/J18/gspt1+CRBNpiece.pdb_protein.mol2 is type   2 resetting to type  ar

Warning message: 
Side-chain LYS input conformation doesn't match any rotamer

Warning message: 
The number of alternative coordinates for rotamer atom positions is 1627.
A large number of alternative positions can slow down protein initialisation.
Reduce the number by decreasing the width of the angle ranges and/or increasing
the sampling step.



********************************************************************************
Ligand in file /media/HDD2/James/MDM2andGSPT1/GSPT1/Docking/J18.mol2, named J18,
starting at address 0 raised the following warnings and/or errors
Warning message: 
set_atom_type: atom   55 in /media/HDD2/James/MDM2andGSPT1/GSPT1/Docking/J18.mol2 is type  N.ar ; resetting to type N.pl3

